[2026-05-06T01:00:02.355Z] [INFO] 开始检查系统文件...
[2026-05-06T01:00:02.356Z] [SUCCESS] 合约编译: ✓ 存在
[2026-05-06T01:00:02.356Z] [SUCCESS] 标准文档: ✓ 存在
[2026-05-06T01:00:02.356Z] [SUCCESS] 路线图: ✓ 存在
[2026-05-06T01:00:02.357Z] [SUCCESS] 任务计划: ✓ 存在
[2026-05-06T01:00:02.357Z] [SUCCESS] 测试网部署: ✓ 存在
[2026-05-06T01:00:02.357Z] [SUCCESS] 部署脚本: ✓ 存在
[2026-05-06T01:00:02.358Z] [SUCCESS] 测试脚本: ✓ 存在
[2026-05-06T01:00:02.358Z] [SUCCESS] 系统完成度: 100% (7/7)
[2026-05-06T01:00:02.359Z] [INFO] 生成日报...
[2026-05-06T01:00:02.371Z] [SUCCESS] 日报已生成: REPORTS\daily_2026-05-06.md
[2026-05-06T13:38:32.426Z] [INFO] 开始检查系统文件...
[2026-05-06T13:38:32.427Z] [SUCCESS] 合约编译: ✓ 存在
[2026-05-06T13:38:32.427Z] [SUCCESS] 标准文档: ✓ 存在
[2026-05-06T13:38:32.427Z] [SUCCESS] 路线图: ✓ 存在
[2026-05-06T13:38:32.428Z] [SUCCESS] 任务计划: ✓ 存在
[2026-05-06T13:38:32.428Z] [SUCCESS] 测试网部署: ✓ 存在
[2026-05-06T13:38:32.428Z] [SUCCESS] 部署脚本: ✓ 存在
[2026-05-06T13:38:32.428Z] [SUCCESS] 测试脚本: ✓ 存在
[2026-05-06T13:38:32.431Z] [SUCCESS] 系统完成度: 100% (7/7)
[2026-05-06T13:38:32.431Z] [INFO] 生成日报...
[2026-05-06T13:38:32.445Z] [SUCCESS] 日报已生成: REPORTS\daily_2026-05-06.md
[2026-05-06T13:39:21.066Z] [INFO] 开始检查系统文件...
[2026-05-06T13:39:21.067Z] [SUCCESS] 合约编译: ✓ 存在
[2026-05-06T13:39:21.067Z] [SUCCESS] 标准文档: ✓ 存在
[2026-05-06T13:39:21.067Z] [SUCCESS] 路线图: ✓ 存在
[2026-05-06T13:39:21.067Z] [SUCCESS] 任务计划: ✓ 存在
[2026-05-06T13:39:21.068Z] [SUCCESS] 测试网部署: ✓ 存在
[2026-05-06T13:39:21.068Z] [SUCCESS] 部署脚本: ✓ 存在
[2026-05-06T13:39:21.068Z] [SUCCESS] 测试脚本: ✓ 存在
[2026-05-06T13:39:21.070Z] [SUCCESS] 系统完成度: 100% (7/7)
[2026-05-06T13:39:21.071Z] [INFO] 生成日报...
[2026-05-06T13:39:21.086Z] [SUCCESS] 日报已生成: REPORTS\daily_2026-05-06.md
[2026-05-07T01:00:02.308Z] [INFO] 开始检查系统文件...
[2026-05-07T01:00:02.309Z] [SUCCESS] 合约编译: ✓ 存在
[2026-05-07T01:00:02.310Z] [SUCCESS] 标准文档: ✓ 存在
[2026-05-07T01:00:02.310Z] [SUCCESS] 路线图: ✓ 存在
[2026-05-07T01:00:02.310Z] [SUCCESS] 任务计划: ✓ 存在
[2026-05-07T01:00:02.311Z] [SUCCESS] 测试网部署: ✓ 存在
[2026-05-07T01:00:02.311Z] [SUCCESS] 部署脚本: ✓ 存在
[2026-05-07T01:00:02.311Z] [SUCCESS] 测试脚本: ✓ 存在
[2026-05-07T01:00:02.312Z] [SUCCESS] 系统完成度: 100% (7/7)
[2026-05-07T01:00:02.313Z] [INFO] 生成日报...
[2026-05-07T01:00:02.326Z] [SUCCESS] 日报已生成: REPORTS\daily_2026-05-07.md
[2026-05-07T11:10:45.138Z] [INFO] 开始检查系统文件...
[2026-05-07T11:10:45.138Z] [SUCCESS] 合约编译: ✓ 存在
[2026-05-07T11:10:45.139Z] [SUCCESS] 标准文档: ✓ 存在
[2026-05-07T11:10:45.139Z] [SUCCESS] 路线图: ✓ 存在
[2026-05-07T11:10:45.139Z] [SUCCESS] 任务计划: ✓ 存在
[2026-05-07T11:10:45.139Z] [SUCCESS] 测试网部署: ✓ 存在
[2026-05-07T11:10:45.140Z] [SUCCESS] 部署脚本: ✓ 存在
[2026-05-07T11:10:45.140Z] [SUCCESS] 测试脚本: ✓ 存在
[2026-05-07T11:10:45.141Z] [SUCCESS] 系统完成度: 100% (7/7)
[2026-05-07T11:10:45.141Z] [INFO] 生成日报...
[2026-05-07T11:10:45.153Z] [SUCCESS] 日报已生成: REPORTS\daily_2026-05-07.md
[2026-05-08T01:00:02.743Z] [INFO] 开始检查系统文件...
[2026-05-08T01:00:02.744Z] [SUCCESS] 合约编译: ✓ 存在
[2026-05-08T01:00:02.744Z] [SUCCESS] 标准文档: ✓ 存在
[2026-05-08T01:00:02.745Z] [SUCCESS] 路线图: ✓ 存在
[2026-05-08T01:00:02.745Z] [SUCCESS] 任务计划: ✓ 存在
[2026-05-08T01:00:02.746Z] [SUCCESS] 测试网部署: ✓ 存在
[2026-05-08T01:00:02.746Z] [SUCCESS] 部署脚本: ✓ 存在
[2026-05-08T01:00:02.747Z] [SUCCESS] 测试脚本: ✓ 存在
[2026-05-08T01:00:02.747Z] [SUCCESS] 系统完成度: 100% (7/7)
[2026-05-08T01:00:02.747Z] [INFO] 生成日报...
[2026-05-08T01:00:02.839Z] [SUCCESS] 日报已生成: REPORTS\daily_2026-05-08.md
[2026-05-08T02:17:11.189Z] [INFO] 开始检查系统文件...
[2026-05-08T02:17:11.204Z] [SUCCESS] 合约编译: ✓ 存在
[2026-05-08T02:17:11.205Z] [SUCCESS] 标准文档: ✓ 存在
[2026-05-08T02:17:11.205Z] [SUCCESS] 路线图: ✓ 存在
[2026-05-08T02:17:11.206Z] [SUCCESS] 任务计划: ✓ 存在
[2026-05-08T02:17:11.206Z] [SUCCESS] 测试网部署: ✓ 存在
[2026-05-08T02:17:11.206Z] [SUCCESS] 部署脚本: ✓ 存在
[2026-05-08T02:17:11.207Z] [SUCCESS] 测试脚本: ✓ 存在
[2026-05-08T02:17:11.209Z] [SUCCESS] 系统完成度: 100% (7/7)
[2026-05-08T02:17:11.209Z] [INFO] 生成日报...
[2026-05-08T02:17:11.231Z] [SUCCESS] 日报已生成: REPORTS\daily_2026-05-08.md
[2026-05-09T01:00:02.770Z] [INFO] 开始检查系统文件...
[2026-05-09T01:00:02.771Z] [SUCCESS] 合约编译: ✓ 存在
[2026-05-09T01:00:02.771Z] [SUCCESS] 标准文档: ✓ 存在
[2026-05-09T01:00:02.772Z] [SUCCESS] 路线图: ✓ 存在
[2026-05-09T01:00:02.772Z] [SUCCESS] 任务计划: ✓ 存在
[2026-05-09T01:00:02.773Z] [SUCCESS] 测试网部署: ✓ 存在
[2026-05-09T01:00:02.773Z] [SUCCESS] 部署脚本: ✓ 存在
[2026-05-09T01:00:02.773Z] [SUCCESS] 测试脚本: ✓ 存在
[2026-05-09T01:00:02.775Z] [SUCCESS] 系统完成度: 100% (7/7)
[2026-05-09T01:00:02.775Z] [INFO] 生成日报...
[2026-05-09T01:00:02.834Z] [SUCCESS] 日报已生成: REPORTS\daily_2026-05-09.md
[2026-05-09T02:17:06.588Z] [INFO] 开始检查系统文件...
[2026-05-09T02:17:06.588Z] [SUCCESS] 合约编译: ✓ 存在
[2026-05-09T02:17:06.589Z] [SUCCESS] 标准文档: ✓ 存在
[2026-05-09T02:17:06.589Z] [SUCCESS] 路线图: ✓ 存在
[2026-05-09T02:17:06.589Z] [SUCCESS] 任务计划: ✓ 存在
[2026-05-09T02:17:06.589Z] [SUCCESS] 测试网部署: ✓ 存在
[2026-05-09T02:17:06.590Z] [SUCCESS] 部署脚本: ✓ 存在
[2026-05-09T02:17:06.590Z] [SUCCESS] 测试脚本: ✓ 存在
[2026-05-09T02:17:06.591Z] [SUCCESS] 系统完成度: 100% (7/7)
[2026-05-09T02:17:06.591Z] [INFO] 生成日报...
[2026-05-09T02:17:06.634Z] [SUCCESS] 日报已生成: REPORTS\daily_2026-05-09.md
[2026-05-10T01:00:07.466Z] [INFO] 开始检查系统文件...
[2026-05-10T01:00:07.468Z] [SUCCESS] 合约编译: ✓ 存在
[2026-05-10T01:00:07.468Z] [SUCCESS] 标准文档: ✓ 存在
[2026-05-10T01:00:07.469Z] [SUCCESS] 路线图: ✓ 存在
[2026-05-10T01:00:07.470Z] [SUCCESS] 任务计划: ✓ 存在
[2026-05-10T01:00:07.471Z] [SUCCESS] 测试网部署: ✓ 存在
[2026-05-10T01:00:07.471Z] [SUCCESS] 部署脚本: ✓ 存在
[2026-05-10T01:00:07.471Z] [SUCCESS] 测试脚本: ✓ 存在
[2026-05-10T01:00:07.472Z] [SUCCESS] 系统完成度: 100% (7/7)
[2026-05-10T01:00:07.472Z] [INFO] 生成日报...
[2026-05-10T01:00:07.485Z] [SUCCESS] 日报已生成: REPORTS\daily_2026-05-10.md
[2026-05-11T01:00:02.087Z] [INFO] 开始检查系统文件...
[2026-05-11T01:00:02.088Z] [SUCCESS] 合约编译: ✓ 存在
[2026-05-11T01:00:02.088Z] [SUCCESS] 标准文档: ✓ 存在
[2026-05-11T01:00:02.089Z] [SUCCESS] 路线图: ✓ 存在
[2026-05-11T01:00:02.089Z] [SUCCESS] 任务计划: ✓ 存在
[2026-05-11T01:00:02.089Z] [SUCCESS] 测试网部署: ✓ 存在
[2026-05-11T01:00:02.090Z] [SUCCESS] 部署脚本: ✓ 存在
[2026-05-11T01:00:02.090Z] [SUCCESS] 测试脚本: ✓ 存在
[2026-05-11T01:00:02.091Z] [SUCCESS] 系统完成度: 100% (7/7)
[2026-05-11T01:00:02.091Z] [INFO] 生成日报...
[2026-05-11T01:00:02.107Z] [SUCCESS] 日报已生成: REPORTS\daily_2026-05-11.md
[2026-05-12T01:00:02.633Z] [INFO] 开始检查系统文件...
[2026-05-12T01:00:02.635Z] [SUCCESS] 合约编译: ✓ 存在
[2026-05-12T01:00:02.636Z] [SUCCESS] 标准文档: ✓ 存在
[2026-05-12T01:00:02.636Z] [SUCCESS] 路线图: ✓ 存在
[2026-05-12T01:00:02.637Z] [SUCCESS] 任务计划: ✓ 存在
[2026-05-12T01:00:02.638Z] [SUCCESS] 测试网部署: ✓ 存在
[2026-05-12T01:00:02.639Z] [SUCCESS] 部署脚本: ✓ 存在
[2026-05-12T01:00:02.640Z] [SUCCESS] 测试脚本: ✓ 存在
[2026-05-12T01:00:02.641Z] [SUCCESS] 系统完成度: 100% (7/7)
[2026-05-12T01:00:02.642Z] [INFO] 生成日报...
[2026-05-12T01:00:02.658Z] [SUCCESS] 日报已生成: REPORTS\daily_2026-05-12.md
[2026-05-13T01:00:02.407Z] [INFO] 开始检查系统文件...
[2026-05-13T01:00:02.408Z] [SUCCESS] 合约编译: ✓ 存在
[2026-05-13T01:00:02.409Z] [SUCCESS] 标准文档: ✓ 存在
[2026-05-13T01:00:02.409Z] [SUCCESS] 路线图: ✓ 存在
[2026-05-13T01:00:02.410Z] [SUCCESS] 任务计划: ✓ 存在
[2026-05-13T01:00:02.410Z] [SUCCESS] 测试网部署: ✓ 存在
[2026-05-13T01:00:02.411Z] [SUCCESS] 部署脚本: ✓ 存在
[2026-05-13T01:00:02.412Z] [SUCCESS] 测试脚本: ✓ 存在
[2026-05-13T01:00:02.412Z] [SUCCESS] 系统完成度: 100% (7/7)
[2026-05-13T01:00:02.413Z] [INFO] 生成日报...
[2026-05-13T01:00:02.429Z] [SUCCESS] 日报已生成: REPORTS\daily_2026-05-13.md
[2026-05-14T01:00:02.624Z] [INFO] 开始检查系统文件...
[2026-05-14T01:00:02.625Z] [SUCCESS] 合约编译: ✓ 存在
[2026-05-14T01:00:02.626Z] [SUCCESS] 标准文档: ✓ 存在
[2026-05-14T01:00:02.626Z] [SUCCESS] 路线图: ✓ 存在
[2026-05-14T01:00:02.627Z] [SUCCESS] 任务计划: ✓ 存在
[2026-05-14T01:00:02.628Z] [SUCCESS] 测试网部署: ✓ 存在
[2026-05-14T01:00:02.629Z] [SUCCESS] 部署脚本: ✓ 存在
[2026-05-14T01:00:02.630Z] [SUCCESS] 测试脚本: ✓ 存在
[2026-05-14T01:00:02.631Z] [SUCCESS] 系统完成度: 100% (7/7)
[2026-05-14T01:00:02.631Z] [INFO] 生成日报...
[2026-05-14T01:00:02.650Z] [SUCCESS] 日报已生成: REPORTS\daily_2026-05-14.md
[2026-05-15T01:00:02.485Z] [INFO] 开始检查系统文件...
[2026-05-15T01:00:02.488Z] [SUCCESS] 合约编译: ✓ 存在
[2026-05-15T01:00:02.489Z] [SUCCESS] 标准文档: ✓ 存在
[2026-05-15T01:00:02.490Z] [SUCCESS] 路线图: ✓ 存在
[2026-05-15T01:00:02.491Z] [SUCCESS] 任务计划: ✓ 存在
[2026-05-15T01:00:02.491Z] [SUCCESS] 测试网部署: ✓ 存在
[2026-05-15T01:00:02.492Z] [SUCCESS] 部署脚本: ✓ 存在
[2026-05-15T01:00:02.493Z] [SUCCESS] 测试脚本: ✓ 存在
[2026-05-15T01:00:02.494Z] [SUCCESS] 系统完成度: 100% (7/7)
[2026-05-15T01:00:02.495Z] [INFO] 生成日报...
[2026-05-15T01:00:02.519Z] [SUCCESS] 日报已生成: REPORTS\daily_2026-05-15.md
[2026-05-15T10:36:02.385Z] [INFO] 开始检查系统文件...
[2026-05-15T10:36:02.386Z] [SUCCESS] 合约编译: ✓ 存在
[2026-05-15T10:36:02.386Z] [SUCCESS] 标准文档: ✓ 存在
[2026-05-15T10:36:02.386Z] [SUCCESS] 路线图: ✓ 存在
[2026-05-15T10:36:02.387Z] [SUCCESS] 任务计划: ✓ 存在
[2026-05-15T10:36:02.387Z] [SUCCESS] 测试网部署: ✓ 存在
[2026-05-15T10:36:02.387Z] [SUCCESS] 部署脚本: ✓ 存在
[2026-05-15T10:36:02.387Z] [SUCCESS] 测试脚本: ✓ 存在
[2026-05-15T10:36:02.389Z] [SUCCESS] 系统完成度: 100% (7/7)
[2026-05-15T10:36:02.389Z] [INFO] 生成日报...
[2026-05-15T10:36:02.401Z] [SUCCESS] 日报已生成: REPORTS\daily_2026-05-15.md
[2026-05-15T10:36:22.856Z] [INFO] 开始检查系统文件...
[2026-05-15T10:36:22.857Z] [SUCCESS] 合约编译: ✓ 存在
[2026-05-15T10:36:22.857Z] [SUCCESS] 标准文档: ✓ 存在
[2026-05-15T10:36:22.857Z] [SUCCESS] 路线图: ✓ 存在
[2026-05-15T10:36:22.857Z] [SUCCESS] 任务计划: ✓ 存在
[2026-05-15T10:36:22.857Z] [SUCCESS] 测试网部署: ✓ 存在
[2026-05-15T10:36:22.858Z] [SUCCESS] 部署脚本: ✓ 存在
[2026-05-15T10:36:22.858Z] [SUCCESS] 测试脚本: ✓ 存在
[2026-05-15T10:36:22.860Z] [SUCCESS] 系统完成度: 100% (7/7)
[2026-05-15T10:36:22.860Z] [INFO] 生成日报...
[2026-05-15T10:36:22.873Z] [SUCCESS] 日报已生成: REPORTS\daily_2026-05-15.md
=== 周进度报告 ===
Fri May 15 18:36:22     2026
[2026-05-16T01:00:02.687Z] [INFO] 开始检查系统文件...
[2026-05-16T01:00:02.687Z] [SUCCESS] 合约编译: ✓ 存在
[2026-05-16T01:00:02.688Z] [SUCCESS] 标准文档: ✓ 存在
[2026-05-16T01:00:02.688Z] [SUCCESS] 路线图: ✓ 存在
[2026-05-16T01:00:02.688Z] [SUCCESS] 任务计划: ✓ 存在
[2026-05-16T01:00:02.688Z] [SUCCESS] 测试网部署: ✓ 存在
[2026-05-16T01:00:02.689Z] [SUCCESS] 部署脚本: ✓ 存在
[2026-05-16T01:00:02.689Z] [SUCCESS] 测试脚本: ✓ 存在
[2026-05-16T01:00:02.690Z] [SUCCESS] 系统完成度: 100% (7/7)
[2026-05-16T01:00:02.690Z] [INFO] 生成日报...
[2026-05-16T01:00:02.703Z] [SUCCESS] 日报已生成: REPORTS\daily_2026-05-16.md
[2026-05-17T01:00:02.305Z] [INFO] 开始检查系统文件...
[2026-05-17T01:00:02.306Z] [SUCCESS] 合约编译: ✓ 存在
[2026-05-17T01:00:02.306Z] [SUCCESS] 标准文档: ✓ 存在
[2026-05-17T01:00:02.307Z] [SUCCESS] 路线图: ✓ 存在
[2026-05-17T01:00:02.307Z] [SUCCESS] 任务计划: ✓ 存在
[2026-05-17T01:00:02.308Z] [SUCCESS] 测试网部署: ✓ 存在
[2026-05-17T01:00:02.308Z] [SUCCESS] 部署脚本: ✓ 存在
[2026-05-17T01:00:02.308Z] [SUCCESS] 测试脚本: ✓ 存在
[2026-05-17T01:00:02.309Z] [SUCCESS] 系统完成度: 100% (7/7)
[2026-05-17T01:00:02.309Z] [INFO] 生成日报...
[2026-05-17T01:00:02.326Z] [SUCCESS] 日报已生成: REPORTS\daily_2026-05-17.md
[2026-05-27T01:57:37.254Z] [INFO] 开始检查系统文件...
[2026-05-27T01:57:37.255Z] [SUCCESS] 合约编译: ✓ 存在
[2026-05-27T01:57:37.256Z] [SUCCESS] 标准文档: ✓ 存在
[2026-05-27T01:57:37.256Z] [SUCCESS] 路线图: ✓ 存在
[2026-05-27T01:57:37.257Z] [SUCCESS] 任务计划: ✓ 存在
[2026-05-27T01:57:37.257Z] [SUCCESS] 测试网部署: ✓ 存在
[2026-05-27T01:57:37.258Z] [SUCCESS] 部署脚本: ✓ 存在
[2026-05-27T01:57:37.258Z] [SUCCESS] 测试脚本: ✓ 存在
[2026-05-27T01:57:37.261Z] [SUCCESS] 系统完成度: 100% (7/7)
[2026-05-27T01:57:37.261Z] [INFO] 生成日报...
[2026-05-27T01:57:37.308Z] [SUCCESS] 日报已生成: REPORTS\daily_2026-05-27.md
